C:\PROGRAM FILES\AUTODESK\REALDWG 2015\SAMPLES\DUMPDWG\DEBUG\TINYXMLPARSER.OBJ
C:\PROGRAM FILES\AUTODESK\REALDWG 2015\SAMPLES\DUMPDWG\DEBUG\TINYXMLERROR.OBJ
C:\PROGRAM FILES\AUTODESK\REALDWG 2015\SAMPLES\DUMPDWG\DEBUG\TINYXML.OBJ
C:\PROGRAM FILES\AUTODESK\REALDWG 2015\SAMPLES\DUMPDWG\DEBUG\TINYSTR.OBJ
C:\PROGRAM FILES\AUTODESK\REALDWG 2015\SAMPLES\DUMPDWG\DEBUG\MYACGI.OBJ
C:\PROGRAM FILES\AUTODESK\REALDWG 2015\SAMPLES\DUMPDWG\DEBUG\MAPS.OBJ
C:\PROGRAM FILES\AUTODESK\REALDWG 2015\SAMPLES\DUMPDWG\DEBUG\ENTITYDUMPER.OBJ
C:\PROGRAM FILES\AUTODESK\REALDWG 2015\SAMPLES\DUMPDWG\DEBUG\DUMPDWG.OBJ
C:\PROGRAM FILES\AUTODESK\REALDWG 2015\SAMPLES\DUMPDWG\DEBUG\DUMPCORE.OBJ
C:\PROGRAM FILES\AUTODESK\REALDWG 2015\SAMPLES\DUMPDWG\DEBUG\DIR.OBJ
C:\PROGRAM FILES\AUTODESK\REALDWG 2015\SAMPLES\DUMPDWG\DEBUG\DUMPDWG.PDB
C:\Program Files\Autodesk\RealDWG 2015\dumpdwg.lib
C:\Program Files\Autodesk\RealDWG 2015\dumpdwg.exp
C:\PROGRAM FILES\AUTODESK\REALDWG 2015\DUMPDWG.EXE
C:\PROGRAM FILES\AUTODESK\REALDWG 2015\DUMPDWG.PDB
E:\Test Suite\DumpDWG\Debug\dir.obj
E:\Test Suite\DumpDWG\Debug\dumpcore.obj
E:\Test Suite\DumpDWG\Debug\dumpdwg.obj
E:\Test Suite\DumpDWG\Debug\entitydumper.obj
E:\Test Suite\DumpDWG\Debug\maps.obj
E:\Test Suite\DumpDWG\Debug\myacgi.obj
E:\Test Suite\DumpDWG\Debug\tinystr.obj
E:\Test Suite\DumpDWG\Debug\tinyxml.obj
E:\Test Suite\DumpDWG\Debug\tinyxmlerror.obj
E:\Test Suite\DumpDWG\Debug\tinyxmlparser.obj
E:\Test Suite\DumpDWG\Debug\cl.command.1.tlog
E:\Test Suite\DumpDWG\Debug\CL.read.1.tlog
E:\Test Suite\DumpDWG\Debug\CL.write.1.tlog
E:\Test Suite\DumpDWG\Debug\dumpdwg.write.1.tlog
E:\Test Suite\DumpDWG\Debug\link-cvtres.read.1.tlog
E:\Test Suite\DumpDWG\Debug\link-cvtres.write.1.tlog
E:\Test Suite\DumpDWG\Debug\link-mt.read.1.tlog
E:\Test Suite\DumpDWG\Debug\link-mt.write.1.tlog
E:\Test Suite\DumpDWG\Debug\link-rc.read.1.tlog
E:\Test Suite\DumpDWG\Debug\link-rc.write.1.tlog
E:\Test Suite\DumpDWG\Debug\link.command.1.tlog
E:\Test Suite\DumpDWG\Debug\link.read.1.tlog
E:\Test Suite\DumpDWG\Debug\link.write.1.tlog
E:\Test Suite\DumpDWG\Debug\dumpdwg.pdb
