e:\test suite\dumpdwg\release\dumpcore.obj
e:\test suite\dumpdwg\release\tinyxmlparser.obj
e:\test suite\dumpdwg\release\tinyxmlerror.obj
e:\test suite\dumpdwg\release\tinyxml.obj
e:\test suite\dumpdwg\release\tinystr.obj
e:\test suite\dumpdwg\release\entitydumper.obj
e:\test suite\dumpdwg\release\dumpdwg.obj
e:\test suite\dumpdwg\release\dir.obj
e:\test suite\dumpdwg\release\dumpdwg.pdb
e:\dumpdwg.lib
e:\dumpdwg.exp
e:\dumpdwg.exe
e:\dumpdwg.pdb
e:\test suite\dumpdwg\release\cl.command.1.tlog
e:\test suite\dumpdwg\release\cl.read.1.tlog
e:\test suite\dumpdwg\release\cl.write.1.tlog
e:\test suite\dumpdwg\release\dumpdwg.write.1.tlog
e:\test suite\dumpdwg\release\link-cvtres.read.1.tlog
e:\test suite\dumpdwg\release\link-cvtres.write.1.tlog
e:\test suite\dumpdwg\release\link-mt.read.1.tlog
e:\test suite\dumpdwg\release\link-mt.write.1.tlog
e:\test suite\dumpdwg\release\link-rc.read.1.tlog
e:\test suite\dumpdwg\release\link-rc.write.1.tlog
e:\test suite\dumpdwg\release\link.command.1.tlog
e:\test suite\dumpdwg\release\link.read.1.tlog
e:\test suite\dumpdwg\release\link.write.1.tlog
e:\test suite\dumpdwg\\..\..\dumpdwg.pdb
e:\test suite\dumpdwg\\..\..\dumpdwg.exe
